<?xml version="1.0" encoding="UTF-8"?>
<!-- Generated by org.testng.reporters.JUnitReportReporter -->
<testsuite hostname="MacBook-Pro.local" failures="0" tests="3" name="testRunners.runner" time="37.418" errors="0" timestamp="2025-07-11T18:15:28 TRT" skipped="0">
  <testcase classname="testRunners.runner" name="runScenario" time="12.431"/>
  <system-out/>
  <testcase classname="testRunners.runner" name="runScenario" time="13.518"/>
  <system-out/>
  <testcase classname="testRunners.runner" name="runScenario" time="11.469"/>
  <system-out/>
</testsuite> <!-- testRunners.runner -->
